# JRE version: OpenJDK Runtime Environment Temurin-21.0.10+7 (21.0.10+7) (build 21.0.10+7-LTS)
# Java VM: OpenJDK 64-Bit Server VM Temurin-21.0.10+7 (21.0.10+7-LTS, mixed mode, sharing, tiered, compressed oops, compressed class ptrs, parallel gc, windows-amd64)
GC Precious Log:
 CardTable entry size: 512
 CPUs: 8 total, 8 available
 Memory: 7549M
 Large Page Support: Disabled
 NUMA Support: Disabled
 Compressed Oops: Enabled (32-bit)
 Alignments: Space 512K, Generation 512K, Heap 2M
 Heap Min Capacity: 100M
 Heap Initial Capacity: 100M
 Heap Max Capacity: 2G
 Pre-touch: Disabled
 Parallel Workers: 8
Heap:
 PSYoungGen      total 2560K, used 1630K [0x00000000d5580000, 0x00000000d5a00000, 0x0000000100000000)
  eden space 2048K, 70% used [0x00000000d5580000,0x00000000d56e7b48,0x00000000d5780000)
  from space 512K, 37% used [0x00000000d5900000,0x00000000d5930000,0x00000000d5980000)
  to   space 512K, 0% used [0x00000000d5980000,0x00000000d5980000,0x00000000d5a00000)
 ParOldGen       total 1208320K, used 1208313K [0x0000000080000000, 0x00000000c9c00000, 0x00000000d5580000)
  object space 1208320K, 99% used [0x0000000080000000,0x00000000c9bfe4a0,0x00000000c9c00000)
 Metaspace       used 77213K, committed 78784K, reserved 1179648K
  class space    used 7462K, committed 8256K, reserved 1048576K
GC Heap History (20 events):
Event: 20748.151 GC heap before
{Heap before GC invocations=1040 (full 4):
 PSYoungGen      total 4096K, used 3575K [0x00000000d5580000, 0x00000000d5a80000, 0x0000000100000000)
  eden space 3072K, 100% used [0x00000000d5580000,0x00000000d5880000,0x00000000d5880000)
  from space 1024K, 49% used [0x00000000d5880000,0x00000000d58fddd0,0x00000000d5980000)
  to   space 1024K, 0% used [0x00000000d5980000,0x00000000d5980000,0x00000000d5a80000)
 ParOldGen       total 1201152K, used 1200872K [0x0000000080000000, 0x00000000c9500000, 0x00000000d5580000)
  object space 1201152K, 99% used [0x0000000080000000,0x00000000c94ba240,0x00000000c9500000)
 Metaspace       used 77163K, committed 78720K, reserved 1179648K
  class space    used 7462K, committed 8256K, reserved 1048576K
}
Event: 20748.158 GC heap after
{Heap after GC invocations=1040 (full 4):
 PSYoungGen      total 3072K, used 1012K [0x00000000d5580000, 0x00000000d5c80000, 0x0000000100000000)
  eden space 2048K, 0% used [0x00000000d5580000,0x00000000d5580000,0x00000000d5780000)
  from space 1024K, 98% used [0x00000000d5980000,0x00000000d5a7d0e8,0x00000000d5a80000)
  to   space 2048K, 0% used [0x00000000d5780000,0x00000000d5780000,0x00000000d5980000)
 ParOldGen       total 1201664K, used 1201611K [0x0000000080000000, 0x00000000c9580000, 0x00000000d5580000)
  object space 1201664K, 99% used [0x0000000080000000,0x00000000c9572cc8,0x00000000c9580000)
 Metaspace       used 77163K, committed 78720K, reserved 1179648K
  class space    used 7462K, committed 8256K, reserved 1048576K
}
Event: 20748.188 GC heap before
{Heap before GC invocations=1041 (full 4):
 PSYoungGen      total 3072K, used 3051K [0x00000000d5580000, 0x00000000d5c80000, 0x0000000100000000)
  eden space 2048K, 99% used [0x00000000d5580000,0x00000000d577de08,0x00000000d5780000)
  from space 1024K, 98% used [0x00000000d5980000,0x00000000d5a7d0e8,0x00000000d5a80000)
  to   space 2048K, 0% used [0x00000000d5780000,0x00000000d5780000,0x00000000d5980000)
 ParOldGen       total 1201664K, used 1201611K [0x0000000080000000, 0x00000000c9580000, 0x00000000d5580000)
  object space 1201664K, 99% used [0x0000000080000000,0x00000000c9572cc8,0x00000000c9580000)
 Metaspace       used 77163K, committed 78720K, reserved 1179648K
  class space    used 7462K, committed 8256K, reserved 1048576K
}
Event: 20748.194 GC heap after
{Heap after GC invocations=1041 (full 4):
 PSYoungGen      total 4096K, used 2042K [0x00000000d5580000, 0x00000000d5e80000, 0x0000000100000000)
  eden space 2048K, 0% used [0x00000000d5580000,0x00000000d5580000,0x00000000d5780000)
  from space 2048K, 99% used [0x00000000d5780000,0x00000000d597ea18,0x00000000d5980000)
  to   space 3584K, 0% used [0x00000000d5b00000,0x00000000d5b00000,0x00000000d5e80000)
 ParOldGen       total 1202688K, used 1202635K [0x0000000080000000, 0x00000000c9680000, 0x00000000d5580000)
  object space 1202688K, 99% used [0x0000000080000000,0x00000000c9672f90,0x00000000c9680000)
 Metaspace       used 77163K, committed 78720K, reserved 1179648K
  class space    used 7462K, committed 8256K, reserved 1048576K
}
Event: 20748.236 GC heap before
{Heap before GC invocations=1042 (full 4):
 PSYoungGen      total 4096K, used 4090K [0x00000000d5580000, 0x00000000d5e80000, 0x0000000100000000)
  eden space 2048K, 100% used [0x00000000d5580000,0x00000000d5780000,0x00000000d5780000)
  from space 2048K, 99% used [0x00000000d5780000,0x00000000d597ea18,0x00000000d5980000)
  to   space 3584K, 0% used [0x00000000d5b00000,0x00000000d5b00000,0x00000000d5e80000)
 ParOldGen       total 1202688K, used 1202635K [0x0000000080000000, 0x00000000c9680000, 0x00000000d5580000)
  object space 1202688K, 99% used [0x0000000080000000,0x00000000c9672f90,0x00000000c9680000)
 Metaspace       used 77163K, committed 78720K, reserved 1179648K
  class space    used 7462K, committed 8256K, reserved 1048576K
}
Event: 20748.242 GC heap after
{Heap after GC invocations=1042 (full 4):
 PSYoungGen      total 4608K, used 2064K [0x00000000d5580000, 0x00000000d5d80000, 0x0000000100000000)
  eden space 2048K, 0% used [0x00000000d5580000,0x00000000d5580000,0x00000000d5780000)
  from space 2560K, 80% used [0x00000000d5b00000,0x00000000d5d04148,0x00000000d5d80000)
  to   space 2560K, 0% used [0x00000000d5880000,0x00000000d5880000,0x00000000d5b00000)
 ParOldGen       total 1204736K, used 1204627K [0x0000000080000000, 0x00000000c9880000, 0x00000000d5580000)
  object space 1204736K, 99% used [0x0000000080000000,0x00000000c9864ff8,0x00000000c9880000)
 Metaspace       used 77163K, committed 78720K, reserved 1179648K
  class space    used 7462K, committed 8256K, reserved 1048576K
}
Event: 20748.266 GC heap before
{Heap before GC invocations=1043 (full 4):
 PSYoungGen      total 4608K, used 4112K [0x00000000d5580000, 0x00000000d5d80000, 0x0000000100000000)
  eden space 2048K, 100% used [0x00000000d5580000,0x00000000d5780000,0x00000000d5780000)
  from space 2560K, 80% used [0x00000000d5b00000,0x00000000d5d04148,0x00000000d5d80000)
  to   space 2560K, 0% used [0x00000000d5880000,0x00000000d5880000,0x00000000d5b00000)
 ParOldGen       total 1204736K, used 1204627K [0x0000000080000000, 0x00000000c9880000, 0x00000000d5580000)
  object space 1204736K, 99% used [0x0000000080000000,0x00000000c9864ff8,0x00000000c9880000)
 Metaspace       used 77163K, committed 78720K, reserved 1179648K
  class space    used 7462K, committed 8256K, reserved 1048576K
}
Event: 20748.273 GC heap after
{Heap after GC invocations=1043 (full 4):
 PSYoungGen      total 2560K, used 480K [0x00000000d5580000, 0x00000000d5b80000, 0x0000000100000000)
  eden space 2048K, 0% used [0x00000000d5580000,0x00000000d5580000,0x00000000d5780000)
  from space 512K, 93% used [0x00000000d5880000,0x00000000d58f8000,0x00000000d5900000)
  to   space 1536K, 0% used [0x00000000d5a00000,0x00000000d5a00000,0x00000000d5b80000)
 ParOldGen       total 1206784K, used 1206557K [0x0000000080000000, 0x00000000c9a80000, 0x00000000d5580000)
  object space 1206784K, 99% used [0x0000000080000000,0x00000000c9a47518,0x00000000c9a80000)
 Metaspace       used 77163K, committed 78720K, reserved 1179648K
  class space    used 7462K, committed 8256K, reserved 1048576K
}
Event: 20748.345 GC heap before
{Heap before GC invocations=1044 (full 4):
 PSYoungGen      total 2560K, used 2528K [0x00000000d5580000, 0x00000000d5b80000, 0x0000000100000000)
  eden space 2048K, 100% used [0x00000000d5580000,0x00000000d5780000,0x00000000d5780000)
  from space 512K, 93% used [0x00000000d5880000,0x00000000d58f8000,0x00000000d5900000)
  to   space 1536K, 0% used [0x00000000d5a00000,0x00000000d5a00000,0x00000000d5b80000)
 ParOldGen       total 1206784K, used 1206557K [0x0000000080000000, 0x00000000c9a80000, 0x00000000d5580000)
  object space 1206784K, 99% used [0x0000000080000000,0x00000000c9a47518,0x00000000c9a80000)
 Metaspace       used 77168K, committed 78720K, reserved 1179648K
  class space    used 7462K, committed 8256K, reserved 1048576K
}
Event: 20748.350 GC heap after
{Heap after GC invocations=1044 (full 4):
 PSYoungGen      total 2560K, used 416K [0x00000000d5580000, 0x00000000d5a80000, 0x0000000100000000)
  eden space 2048K, 0% used [0x00000000d5580000,0x00000000d5580000,0x00000000d5780000)
  from space 512K, 81% used [0x00000000d5a00000,0x00000000d5a68000,0x00000000d5a80000)
  to   space 1024K, 0% used [0x00000000d5880000,0x00000000d5880000,0x00000000d5980000)
 ParOldGen       total 1207296K, used 1206917K [0x0000000080000000, 0x00000000c9b00000, 0x00000000d5580000)
  object space 1207296K, 99% used [0x0000000080000000,0x00000000c9aa1518,0x00000000c9b00000)
 Metaspace       used 77168K, committed 78720K, reserved 1179648K
  class space    used 7462K, committed 8256K, reserved 1048576K
}
Event: 20748.384 GC heap before
{Heap before GC invocations=1045 (full 4):
 PSYoungGen      total 2560K, used 2464K [0x00000000d5580000, 0x00000000d5a80000, 0x0000000100000000)
  eden space 2048K, 100% used [0x00000000d5580000,0x00000000d5780000,0x00000000d5780000)
  from space 512K, 81% used [0x00000000d5a00000,0x00000000d5a68000,0x00000000d5a80000)
  to   space 1024K, 0% used [0x00000000d5880000,0x00000000d5880000,0x00000000d5980000)
 ParOldGen       total 1207296K, used 1206917K [0x0000000080000000, 0x00000000c9b00000, 0x00000000d5580000)
  object space 1207296K, 99% used [0x0000000080000000,0x00000000c9aa1518,0x00000000c9b00000)
 Metaspace       used 77170K, committed 78720K, reserved 1179648K
  class space    used 7462K, committed 8256K, reserved 1048576K
}
Event: 20748.389 GC heap after
{Heap after GC invocations=1045 (full 4):
 PSYoungGen      total 3072K, used 576K [0x00000000d5580000, 0x00000000d5a80000, 0x0000000100000000)
  eden space 2048K, 0% used [0x00000000d5580000,0x00000000d5580000,0x00000000d5780000)
  from space 1024K, 56% used [0x00000000d5880000,0x00000000d5910000,0x00000000d5980000)
  to   space 1024K, 0% used [0x00000000d5980000,0x00000000d5980000,0x00000000d5a80000)
 ParOldGen       total 1207296K, used 1207213K [0x0000000080000000, 0x00000000c9b00000, 0x00000000d5580000)
  object space 1207296K, 99% used [0x0000000080000000,0x00000000c9aeb518,0x00000000c9b00000)
 Metaspace       used 77170K, committed 78720K, reserved 1179648K
  class space    used 7462K, committed 8256K, reserved 1048576K
}
Event: 20748.450 GC heap before
{Heap before GC invocations=1046 (full 4):
 PSYoungGen      total 3072K, used 2624K [0x00000000d5580000, 0x00000000d5a80000, 0x0000000100000000)
  eden space 2048K, 100% used [0x00000000d5580000,0x00000000d5780000,0x00000000d5780000)
  from space 1024K, 56% used [0x00000000d5880000,0x00000000d5910000,0x00000000d5980000)
  to   space 1024K, 0% used [0x00000000d5980000,0x00000000d5980000,0x00000000d5a80000)
 ParOldGen       total 1207296K, used 1207213K [0x0000000080000000, 0x00000000c9b00000, 0x00000000d5580000)
  object space 1207296K, 99% used [0x0000000080000000,0x00000000c9aeb518,0x00000000c9b00000)
 Metaspace       used 77170K, committed 78720K, reserved 1179648K
  class space    used 7462K, committed 8256K, reserved 1048576K
}
Event: 20748.459 GC heap after
{Heap after GC invocations=1046 (full 4):
 PSYoungGen      total 2560K, used 512K [0x00000000d5580000, 0x00000000d5a00000, 0x0000000100000000)
  eden space 2048K, 0% used [0x00000000d5580000,0x00000000d5580000,0x00000000d5780000)
  from space 512K, 100% used [0x00000000d5980000,0x00000000d5a00000,0x00000000d5a00000)
  to   space 1024K, 0% used [0x00000000d5800000,0x00000000d5800000,0x00000000d5900000)
 ParOldGen       total 1207808K, used 1207637K [0x0000000080000000, 0x00000000c9b80000, 0x00000000d5580000)
  object space 1207808K, 99% used [0x0000000080000000,0x00000000c9b55538,0x00000000c9b80000)
 Metaspace       used 77170K, committed 78720K, reserved 1179648K
  class space    used 7462K, committed 8256K, reserved 1048576K
}
Event: 20749.055 GC heap before
{Heap before GC invocations=1047 (full 4):
 PSYoungGen      total 2560K, used 2559K [0x00000000d5580000, 0x00000000d5a00000, 0x0000000100000000)
  eden space 2048K, 99% used [0x00000000d5580000,0x00000000d577ffb8,0x00000000d5780000)
  from space 512K, 100% used [0x00000000d5980000,0x00000000d5a00000,0x00000000d5a00000)
  to   space 1024K, 0% used [0x00000000d5800000,0x00000000d5800000,0x00000000d5900000)
 ParOldGen       total 1207808K, used 1207637K [0x0000000080000000, 0x00000000c9b80000, 0x00000000d5580000)
  object space 1207808K, 99% used [0x0000000080000000,0x00000000c9b55538,0x00000000c9b80000)
 Metaspace       used 77176K, committed 78720K, reserved 1179648K
  class space    used 7462K, committed 8256K, reserved 1048576K
}
Event: 20749.059 GC heap after
{Heap after GC invocations=1047 (full 4):
 PSYoungGen      total 3072K, used 384K [0x00000000d5580000, 0x00000000d5a00000, 0x0000000100000000)
  eden space 2048K, 0% used [0x00000000d5580000,0x00000000d5580000,0x00000000d5780000)
  from space 1024K, 37% used [0x00000000d5800000,0x00000000d5860000,0x00000000d5900000)
  to   space 512K, 0% used [0x00000000d5980000,0x00000000d5980000,0x00000000d5a00000)
 ParOldGen       total 1208320K, used 1207985K [0x0000000080000000, 0x00000000c9c00000, 0x00000000d5580000)
  object space 1208320K, 99% used [0x0000000080000000,0x00000000c9bac428,0x00000000c9c00000)
 Metaspace       used 77176K, committed 78720K, reserved 1179648K
  class space    used 7462K, committed 8256K, reserved 1048576K
}
Event: 20749.270 GC heap before
{Heap before GC invocations=1048 (full 4):
 PSYoungGen      total 3072K, used 2432K [0x00000000d5580000, 0x00000000d5a00000, 0x0000000100000000)
  eden space 2048K, 100% used [0x00000000d5580000,0x00000000d5780000,0x00000000d5780000)
  from space 1024K, 37% used [0x00000000d5800000,0x00000000d5860000,0x00000000d5900000)
  to   space 512K, 0% used [0x00000000d5980000,0x00000000d5980000,0x00000000d5a00000)
 ParOldGen       total 1208320K, used 1207985K [0x0000000080000000, 0x00000000c9c00000, 0x00000000d5580000)
  object space 1208320K, 99% used [0x0000000080000000,0x00000000c9bac428,0x00000000c9c00000)
 Metaspace       used 77198K, committed 78784K, reserved 1179648K
  class space    used 7462K, committed 8256K, reserved 1048576K
}
Event: 20749.275 GC heap after
{Heap after GC invocations=1048 (full 4):
 PSYoungGen      total 2560K, used 192K [0x00000000d5580000, 0x00000000d5a00000, 0x0000000100000000)
  eden space 2048K, 0% used [0x00000000d5580000,0x00000000d5580000,0x00000000d5780000)
  from space 512K, 37% used [0x00000000d5980000,0x00000000d59b0000,0x00000000d5a00000)
  to   space 512K, 0% used [0x00000000d5900000,0x00000000d5900000,0x00000000d5980000)
 ParOldGen       total 1208320K, used 1208201K [0x0000000080000000, 0x00000000c9c00000, 0x00000000d5580000)
  object space 1208320K, 99% used [0x0000000080000000,0x00000000c9be2490,0x00000000c9c00000)
 Metaspace       used 77198K, committed 78784K, reserved 1179648K
  class space    used 7462K, committed 8256K, reserved 1048576K
}
Event: 20749.395 GC heap before
{Heap before GC invocations=1049 (full 4):
 PSYoungGen      total 2560K, used 2240K [0x00000000d5580000, 0x00000000d5a00000, 0x0000000100000000)
  eden space 2048K, 100% used [0x00000000d5580000,0x00000000d5780000,0x00000000d5780000)
  from space 512K, 37% used [0x00000000d5980000,0x00000000d59b0000,0x00000000d5a00000)
  to   space 512K, 0% used [0x00000000d5900000,0x00000000d5900000,0x00000000d5980000)
 ParOldGen       total 1208320K, used 1208201K [0x0000000080000000, 0x00000000c9c00000, 0x00000000d5580000)
  object space 1208320K, 99% used [0x0000000080000000,0x00000000c9be2490,0x00000000c9c00000)
 Metaspace       used 77203K, committed 78784K, reserved 1179648K
  class space    used 7462K, committed 8256K, reserved 1048576K
}
Event: 20749.400 GC heap after
{Heap after GC invocations=1049 (full 4):
 PSYoungGen      total 2560K, used 192K [0x00000000d5580000, 0x00000000d5a00000, 0x0000000100000000)
  eden space 2048K, 0% used [0x00000000d5580000,0x00000000d5580000,0x00000000d5780000)
  from space 512K, 37% used [0x00000000d5900000,0x00000000d5930000,0x00000000d5980000)
  to   space 512K, 0% used [0x00000000d5980000,0x00000000d5980000,0x00000000d5a00000)
 ParOldGen       total 1208320K, used 1208313K [0x0000000080000000, 0x00000000c9c00000, 0x00000000d5580000)
  object space 1208320K, 99% used [0x0000000080000000,0x00000000c9bfe4a0,0x00000000c9c00000)
 Metaspace       used 77203K, committed 78784K, reserved 1179648K
  class space    used 7462K, committed 8256K, reserved 1048576K
}

